<?xml version="1.0" encoding="UTF-8"?>
<testsuites name="Mocha Tests" time="28.031" tests="2" failures="0">
  <testsuite name="Root Suite" timestamp="2025-06-10T04:26:43" tests="0" file="cypress\e2e\login.cy.js" time="0.000" failures="0">
  </testsuite>
  <testsuite name="Correct Log In" timestamp="2025-06-10T04:26:43" tests="1" time="26.642" failures="0">
    <testcase name="Correct Log In logging in with multiple fixtures" time="24.039" classname="logging in with multiple fixtures">
    </testcase>
  </testsuite>
  <testsuite name="Incorrect Log In" timestamp="2025-06-10T04:27:10" tests="1" time="1.387" failures="0">
    <testcase name="Incorrect Log In logging in with multiple fixtures" time="1.342" classname="logging in with multiple fixtures">
    </testcase>
  </testsuite>
</testsuites>